<?xml version="1.0" encoding="UTF-8"?>
<testng-results ignored="0" total="1" passed="1" failed="0" skipped="0">
  <reporter-output>
  </reporter-output>
  <suite started-at="2024-11-20T20:49:17 EST" name="Default suite" finished-at="2024-11-20T20:49:19 EST" duration-ms="2715">
    <groups>
    </groups>
    <test started-at="2024-11-20T20:49:17 EST" name="Default test" finished-at="2024-11-20T20:49:19 EST" duration-ms="2715">
      <class name="com.jcrew.login.LoginTest">
        <test-method signature="loginJcrewBasicAuth()[pri:0, instance:com.jcrew.login.LoginTest@5afa3c9]" started-at="2024-11-20T20:49:17 EST" name="loginJcrewBasicAuth" finished-at="2024-11-20T20:49:19 EST" duration-ms="2678" status="PASS">
          <reporter-output>
          </reporter-output>
        </test-method> <!-- loginJcrewBasicAuth -->
      </class> <!-- com.jcrew.login.LoginTest -->
    </test> <!-- Default test -->
  </suite> <!-- Default suite -->
</testng-results>
